# JRE version: Java(TM) SE Runtime Environment (8.0_131-b11) (build 1.8.0_131-b11)
# Java VM: Java HotSpot(TM) 64-Bit Server VM (25.131-b11 mixed mode linux-amd64 compressed oops)
Heap:
 PSYoungGen      total 31744K, used 3029K [0x00000000eb980000, 0x00000000ef280000, 0x0000000100000000)
  eden space 29696K, 3% used [0x00000000eb980000,0x00000000eba95458,0x00000000ed680000)
  from space 2048K, 93% used [0x00000000ee600000,0x00000000ee7e0010,0x00000000ee800000)
  to   space 8704K, 0% used [0x00000000eea00000,0x00000000eea00000,0x00000000ef280000)
 ParOldGen       total 42496K, used 12649K [0x00000000c2c00000, 0x00000000c5580000, 0x00000000eb980000)
  object space 42496K, 29% used [0x00000000c2c00000,0x00000000c385a450,0x00000000c5580000)
 Metaspace       used 13976K, capacity 14464K, committed 14720K, reserved 1062912K
  class space    used 1519K, capacity 1649K, committed 1664K, reserved 1048576K
GC Heap History (10 events):
Event: 18,959 GC heap before
{Heap before GC invocations=3 (full 0):
 PSYoungGen      total 34304K, used 34284K [0x00000000eb980000, 0x00000000edd80000, 0x0000000100000000)
  eden space 31744K, 100% used [0x00000000eb980000,0x00000000ed880000,0x00000000ed880000)
  from space 2560K, 99% used [0x00000000edb00000,0x00000000edd7b070,0x00000000edd80000)
  to   space 2560K, 0% used [0x00000000ed880000,0x00000000ed880000,0x00000000edb00000)
 ParOldGen       total 42496K, used 7138K [0x00000000c2c00000, 0x00000000c5580000, 0x00000000eb980000)
  object space 42496K, 16% used [0x00000000c2c00000,0x00000000c32f8b60,0x00000000c5580000)
 Metaspace       used 13546K, capacity 14030K, committed 14208K, reserved 1062912K
  class space    used 1512K, capacity 1638K, committed 1664K, reserved 1048576K
Event: 18,976 GC heap after
Heap after GC invocations=3 (full 0):
 PSYoungGen      total 34304K, used 2542K [0x00000000eb980000, 0x00000000efc80000, 0x0000000100000000)
  eden space 31744K, 0% used [0x00000000eb980000,0x00000000eb980000,0x00000000ed880000)
  from space 2560K, 99% used [0x00000000ed880000,0x00000000edafb880,0x00000000edb00000)
  to   space 2560K, 0% used [0x00000000efa00000,0x00000000efa00000,0x00000000efc80000)
 ParOldGen       total 42496K, used 9930K [0x00000000c2c00000, 0x00000000c5580000, 0x00000000eb980000)
  object space 42496K, 23% used [0x00000000c2c00000,0x00000000c35b2ba0,0x00000000c5580000)
 Metaspace       used 13546K, capacity 14030K, committed 14208K, reserved 1062912K
  class space    used 1512K, capacity 1638K, committed 1664K, reserved 1048576K
}
Event: 45,509 GC heap before
{Heap before GC invocations=4 (full 0):
 PSYoungGen      total 34304K, used 34286K [0x00000000eb980000, 0x00000000efc80000, 0x0000000100000000)
  eden space 31744K, 100% used [0x00000000eb980000,0x00000000ed880000,0x00000000ed880000)
  from space 2560K, 99% used [0x00000000ed880000,0x00000000edafb880,0x00000000edb00000)
  to   space 2560K, 0% used [0x00000000efa00000,0x00000000efa00000,0x00000000efc80000)
 ParOldGen       total 42496K, used 9930K [0x00000000c2c00000, 0x00000000c5580000, 0x00000000eb980000)
  object space 42496K, 23% used [0x00000000c2c00000,0x00000000c35b2ba0,0x00000000c5580000)
 Metaspace       used 13779K, capacity 14230K, committed 14464K, reserved 1062912K
  class space    used 1513K, capacity 1640K, committed 1664K, reserved 1048576K
Event: 45,525 GC heap after
Heap after GC invocations=4 (full 0):
 PSYoungGen      total 34304K, used 2556K [0x00000000eb980000, 0x00000000efc80000, 0x0000000100000000)
  eden space 31744K, 0% used [0x00000000eb980000,0x00000000eb980000,0x00000000ed880000)
  from space 2560K, 99% used [0x00000000efa00000,0x00000000efc7f070,0x00000000efc80000)
  to   space 2560K, 0% used [0x00000000ed880000,0x00000000ed880000,0x00000000edb00000)
 ParOldGen       total 42496K, used 10560K [0x00000000c2c00000, 0x00000000c5580000, 0x00000000eb980000)
  object space 42496K, 24% used [0x00000000c2c00000,0x00000000c36503c0,0x00000000c5580000)
 Metaspace       used 13779K, capacity 14230K, committed 14464K, reserved 1062912K
  class space    used 1513K, capacity 1640K, committed 1664K, reserved 1048576K
}
Event: 74,759 GC heap before
{Heap before GC invocations=5 (full 0):
 PSYoungGen      total 34304K, used 34300K [0x00000000eb980000, 0x00000000efc80000, 0x0000000100000000)
  eden space 31744K, 100% used [0x00000000eb980000,0x00000000ed880000,0x00000000ed880000)
  from space 2560K, 99% used [0x00000000efa00000,0x00000000efc7f070,0x00000000efc80000)
  to   space 2560K, 0% used [0x00000000ed880000,0x00000000ed880000,0x00000000edb00000)
 ParOldGen       total 42496K, used 10560K [0x00000000c2c00000, 0x00000000c5580000, 0x00000000eb980000)
  object space 42496K, 24% used [0x00000000c2c00000,0x00000000c36503c0,0x00000000c5580000)
 Metaspace       used 13916K, capacity 14378K, committed 14464K, reserved 1062912K
  class space    used 1516K, capacity 1644K, committed 1664K, reserved 1048576K
Event: 74,777 GC heap after
Heap after GC invocations=5 (full 0):
 PSYoungGen      total 33280K, used 2532K [0x00000000eb980000, 0x00000000efa80000, 0x0000000100000000)
  eden space 30720K, 0% used [0x00000000eb980000,0x00000000eb980000,0x00000000ed780000)
  from space 2560K, 98% used [0x00000000ed880000,0x00000000edaf9060,0x00000000edb00000)
  to   space 8704K, 0% used [0x00000000ef200000,0x00000000ef200000,0x00000000efa80000)
 ParOldGen       total 42496K, used 11000K [0x00000000c2c00000, 0x00000000c5580000, 0x00000000eb980000)
  object space 42496K, 25% used [0x00000000c2c00000,0x00000000c36be3d0,0x00000000c5580000)
 Metaspace       used 13916K, capacity 14378K, committed 14464K, reserved 1062912K
  class space    used 1516K, capacity 1644K, committed 1664K, reserved 1048576K
}
Event: 95,095 GC heap before
{Heap before GC invocations=6 (full 0):
 PSYoungGen      total 33280K, used 33252K [0x00000000eb980000, 0x00000000efa80000, 0x0000000100000000)
  eden space 30720K, 100% used [0x00000000eb980000,0x00000000ed780000,0x00000000ed780000)
  from space 2560K, 98% used [0x00000000ed880000,0x00000000edaf9060,0x00000000edb00000)
  to   space 8704K, 0% used [0x00000000ef200000,0x00000000ef200000,0x00000000efa80000)
 ParOldGen       total 42496K, used 11000K [0x00000000c2c00000, 0x00000000c5580000, 0x00000000eb980000)
  object space 42496K, 25% used [0x00000000c2c00000,0x00000000c36be3d0,0x00000000c5580000)
 Metaspace       used 13957K, capacity 14464K, committed 14720K, reserved 1062912K
  class space    used 1519K, capacity 1649K, committed 1664K, reserved 1048576K
Event: 95,125 GC heap after
Heap after GC invocations=6 (full 0):
 PSYoungGen      total 34304K, used 3974K [0x00000000eb980000, 0x00000000ef600000, 0x0000000100000000)
  eden space 30208K, 0% used [0x00000000eb980000,0x00000000eb980000,0x00000000ed700000)
  from space 4096K, 97% used [0x00000000ef200000,0x00000000ef5e1850,0x00000000ef600000)
  to   space 8192K, 0% used [0x00000000ee600000,0x00000000ee600000,0x00000000eee00000)
 ParOldGen       total 42496K, used 11000K [0x00000000c2c00000, 0x00000000c5580000, 0x00000000eb980000)
  object space 42496K, 25% used [0x00000000c2c00000,0x00000000c36be3d0,0x00000000c5580000)
 Metaspace       used 13957K, capacity 14464K, committed 14720K, reserved 1062912K
  class space    used 1519K, capacity 1649K, committed 1664K, reserved 1048576K
}
Event: 104,153 GC heap before
{Heap before GC invocations=7 (full 0):
 PSYoungGen      total 34304K, used 34182K [0x00000000eb980000, 0x00000000ef600000, 0x0000000100000000)
  eden space 30208K, 100% used [0x00000000eb980000,0x00000000ed700000,0x00000000ed700000)
  from space 4096K, 97% used [0x00000000ef200000,0x00000000ef5e1850,0x00000000ef600000)
  to   space 8192K, 0% used [0x00000000ee600000,0x00000000ee600000,0x00000000eee00000)
 ParOldGen       total 42496K, used 11000K [0x00000000c2c00000, 0x00000000c5580000, 0x00000000eb980000)
  object space 42496K, 25% used [0x00000000c2c00000,0x00000000c36be3d0,0x00000000c5580000)
 Metaspace       used 13976K, capacity 14464K, committed 14720K, reserved 1062912K
  class space    used 1519K, capacity 1649K, committed 1664K, reserved 1048576K
Event: 104,203 GC heap after
Heap after GC invocations=7 (full 0):
 PSYoungGen      total 31744K, used 1920K [0x00000000eb980000, 0x00000000ef280000, 0x0000000100000000)
  eden space 29696K, 0% used [0x00000000eb980000,0x00000000eb980000,0x00000000ed680000)
  from space 2048K, 93% used [0x00000000ee600000,0x00000000ee7e0010,0x00000000ee800000)
  to   space 8704K, 0% used [0x00000000eea00000,0x00000000eea00000,0x00000000ef280000)
 ParOldGen       total 42496K, used 12649K [0x00000000c2c00000, 0x00000000c5580000, 0x00000000eb980000)
  object space 42496K, 29% used [0x00000000c2c00000,0x00000000c385a450,0x00000000c5580000)
 Metaspace       used 13976K, capacity 14464K, committed 14720K, reserved 1062912K
  class space    used 1519K, capacity 1649K, committed 1664K, reserved 1048576K
}

